01-03-2024 21:56:22.819 [Gauge] [INFO] Initializing concepts cache with 0 concepts
01-03-2024 21:56:22.821 [Gauge] [INFO] Initializing specs cache with 0 specs
01-03-2024 21:56:22.821 [Gauge] [INFO] Initializing steps cache with 0 steps
01-03-2024 21:56:22.821 [Gauge] [DEBUG] There are version incompatibilities between Gauge and it's plugins in this project. Some features will not work as expected.
01-03-2024 21:56:22.821 [Gauge] [INFO] LangServer: reading on stdin, writing on stdout
01-03-2024 21:56:22.821 [Gauge] [ERROR] Unable to add directory /home/dferreira/workspace/hackathon/obsidian-vault/.obsidian/plugins/coPapyrus/specs to file watcher: no such file or directory
01-03-2024 21:56:22.949 [Gauge] [ERROR] notif #0: initialized: current runner is not compatible with gauge LSP
01-03-2024 21:56:23.105 [Gauge] [ERROR] Specs directory specs does not exists.
01-03-2024 21:56:23.284 [Gauge] [INFO] Initializing concepts cache with 0 concepts
01-03-2024 21:56:23.284 [Gauge] [INFO] Initializing specs cache with 0 specs
01-03-2024 21:56:23.284 [Gauge] [INFO] Initializing steps cache with 0 steps
01-03-2024 21:56:23.284 [Gauge] [DEBUG] There are version incompatibilities between Gauge and it's plugins in this project. Some features will not work as expected.
01-03-2024 21:56:23.284 [Gauge] [INFO] LangServer: reading on stdin, writing on stdout
01-03-2024 21:56:23.284 [Gauge] [ERROR] Unable to add directory /home/dferreira/workspace/hackathon/obsidian-vault/.obsidian/plugins/coPapyrus/specs to file watcher: no such file or directory
01-03-2024 21:56:23.288 [Gauge] [ERROR] notif #0: initialized: current runner is not compatible with gauge LSP
01-03-2024 21:56:23.442 [Gauge] [ERROR] Specs directory specs does not exists.
01-03-2024 21:56:23.645 [Gauge] [INFO] Initializing concepts cache with 0 concepts
01-03-2024 21:56:23.645 [Gauge] [INFO] Initializing specs cache with 0 specs
01-03-2024 21:56:23.645 [Gauge] [INFO] Initializing steps cache with 0 steps
01-03-2024 21:56:23.646 [Gauge] [DEBUG] There are version incompatibilities between Gauge and it's plugins in this project. Some features will not work as expected.
01-03-2024 21:56:23.646 [Gauge] [INFO] LangServer: reading on stdin, writing on stdout
01-03-2024 21:56:23.646 [Gauge] [ERROR] Unable to add directory /home/dferreira/workspace/hackathon/obsidian-vault/.obsidian/plugins/coPapyrus/specs to file watcher: no such file or directory
01-03-2024 21:56:23.663 [Gauge] [ERROR] notif #0: initialized: current runner is not compatible with gauge LSP
01-03-2024 21:56:23.818 [Gauge] [ERROR] Specs directory specs does not exists.
01-03-2024 21:56:24.002 [Gauge] [INFO] Initializing concepts cache with 0 concepts
01-03-2024 21:56:24.002 [Gauge] [INFO] Initializing specs cache with 0 specs
01-03-2024 21:56:24.002 [Gauge] [INFO] Initializing steps cache with 0 steps
01-03-2024 21:56:24.002 [Gauge] [DEBUG] There are version incompatibilities between Gauge and it's plugins in this project. Some features will not work as expected.
01-03-2024 21:56:24.002 [Gauge] [INFO] LangServer: reading on stdin, writing on stdout
01-03-2024 21:56:24.002 [Gauge] [ERROR] Unable to add directory /home/dferreira/workspace/hackathon/obsidian-vault/.obsidian/plugins/coPapyrus/specs to file watcher: no such file or directory
01-03-2024 21:56:24.005 [Gauge] [ERROR] notif #0: initialized: current runner is not compatible with gauge LSP
01-03-2024 21:56:24.159 [Gauge] [ERROR] Specs directory specs does not exists.
01-03-2024 21:56:24.339 [Gauge] [INFO] Initializing concepts cache with 0 concepts
01-03-2024 21:56:24.339 [Gauge] [INFO] Initializing specs cache with 0 specs
01-03-2024 21:56:24.339 [Gauge] [INFO] Initializing steps cache with 0 steps
01-03-2024 21:56:24.339 [Gauge] [ERROR] Unable to add directory /home/dferreira/workspace/hackathon/obsidian-vault/.obsidian/plugins/coPapyrus/specs to file watcher: no such file or directory
01-03-2024 21:56:24.339 [Gauge] [DEBUG] There are version incompatibilities between Gauge and it's plugins in this project. Some features will not work as expected.
01-03-2024 21:56:24.339 [Gauge] [INFO] LangServer: reading on stdin, writing on stdout
01-03-2024 21:56:24.345 [Gauge] [ERROR] notif #0: initialized: current runner is not compatible with gauge LSP
01-03-2024 21:56:24.501 [Gauge] [ERROR] Specs directory specs does not exists.
01-03-2024 21:56:55.513 [Gauge] [INFO] Initializing concepts cache with 0 concepts
01-03-2024 21:56:55.514 [Gauge] [INFO] Initializing specs cache with 0 specs
01-03-2024 21:56:55.514 [Gauge] [INFO] Initializing steps cache with 0 steps
01-03-2024 21:56:55.514 [Gauge] [DEBUG] There are version incompatibilities between Gauge and it's plugins in this project. Some features will not work as expected.
01-03-2024 21:56:55.514 [Gauge] [ERROR] Unable to add directory /home/dferreira/workspace/hackathon/obsidian-vault/.obsidian/plugins/coPapyrus/specs to file watcher: no such file or directory
01-03-2024 21:56:55.514 [Gauge] [INFO] LangServer: reading on stdin, writing on stdout
01-03-2024 21:56:55.519 [Gauge] [ERROR] notif #0: initialized: current runner is not compatible with gauge LSP
01-03-2024 21:56:55.687 [Gauge] [ERROR] Specs directory specs does not exists.
04-03-2024 16:57:02.116 [Gauge] [INFO] Initializing concepts cache with 0 concepts
04-03-2024 16:57:02.116 [Gauge] [INFO] Initializing specs cache with 0 specs
04-03-2024 16:57:02.116 [Gauge] [INFO] Initializing steps cache with 0 steps
04-03-2024 16:57:02.116 [Gauge] [ERROR] Unable to add directory /home/dferreira/workspace/hackathon/obsidian-vault/.obsidian/plugins/coPapyrus/specs to file watcher: no such file or directory
04-03-2024 16:57:02.116 [Gauge] [DEBUG] There are version incompatibilities between Gauge and it's plugins in this project. Some features will not work as expected.
04-03-2024 16:57:02.116 [Gauge] [INFO] LangServer: reading on stdin, writing on stdout
04-03-2024 16:57:02.397 [Gauge] [ERROR] notif #0: initialized: current runner is not compatible with gauge LSP
04-03-2024 16:57:02.561 [Gauge] [ERROR] Specs directory specs does not exists.
04-03-2024 16:57:02.967 [Gauge] [INFO] Initializing concepts cache with 0 concepts
04-03-2024 16:57:02.968 [Gauge] [INFO] Initializing specs cache with 0 specs
04-03-2024 16:57:02.968 [Gauge] [INFO] Initializing steps cache with 0 steps
04-03-2024 16:57:02.968 [Gauge] [DEBUG] There are version incompatibilities between Gauge and it's plugins in this project. Some features will not work as expected.
04-03-2024 16:57:02.968 [Gauge] [INFO] LangServer: reading on stdin, writing on stdout
04-03-2024 16:57:02.968 [Gauge] [ERROR] Unable to add directory /home/dferreira/workspace/hackathon/obsidian-vault/.obsidian/plugins/coPapyrus/specs to file watcher: no such file or directory
04-03-2024 16:57:02.978 [Gauge] [ERROR] notif #0: initialized: current runner is not compatible with gauge LSP
04-03-2024 16:57:03.150 [Gauge] [ERROR] Specs directory specs does not exists.
04-03-2024 16:57:03.346 [Gauge] [INFO] Initializing concepts cache with 0 concepts
04-03-2024 16:57:03.346 [Gauge] [INFO] Initializing specs cache with 0 specs
04-03-2024 16:57:03.346 [Gauge] [INFO] Initializing steps cache with 0 steps
04-03-2024 16:57:03.346 [Gauge] [ERROR] Unable to add directory /home/dferreira/workspace/hackathon/obsidian-vault/.obsidian/plugins/coPapyrus/specs to file watcher: no such file or directory
04-03-2024 16:57:03.346 [Gauge] [DEBUG] There are version incompatibilities between Gauge and it's plugins in this project. Some features will not work as expected.
04-03-2024 16:57:03.346 [Gauge] [INFO] LangServer: reading on stdin, writing on stdout
04-03-2024 16:57:03.350 [Gauge] [ERROR] notif #0: initialized: current runner is not compatible with gauge LSP
04-03-2024 16:57:03.519 [Gauge] [ERROR] Specs directory specs does not exists.
04-03-2024 16:57:03.704 [Gauge] [INFO] Initializing concepts cache with 0 concepts
04-03-2024 16:57:03.704 [Gauge] [INFO] Initializing specs cache with 0 specs
04-03-2024 16:57:03.704 [Gauge] [INFO] Initializing steps cache with 0 steps
04-03-2024 16:57:03.704 [Gauge] [ERROR] Unable to add directory /home/dferreira/workspace/hackathon/obsidian-vault/.obsidian/plugins/coPapyrus/specs to file watcher: no such file or directory
04-03-2024 16:57:03.704 [Gauge] [DEBUG] There are version incompatibilities between Gauge and it's plugins in this project. Some features will not work as expected.
04-03-2024 16:57:03.705 [Gauge] [INFO] LangServer: reading on stdin, writing on stdout
04-03-2024 16:57:03.708 [Gauge] [ERROR] notif #0: initialized: current runner is not compatible with gauge LSP
04-03-2024 16:57:03.872 [Gauge] [ERROR] Specs directory specs does not exists.
04-03-2024 16:57:04.053 [Gauge] [INFO] Initializing concepts cache with 0 concepts
04-03-2024 16:57:04.053 [Gauge] [INFO] Initializing specs cache with 0 specs
04-03-2024 16:57:04.053 [Gauge] [INFO] Initializing steps cache with 0 steps
04-03-2024 16:57:04.053 [Gauge] [DEBUG] There are version incompatibilities between Gauge and it's plugins in this project. Some features will not work as expected.
04-03-2024 16:57:04.053 [Gauge] [INFO] LangServer: reading on stdin, writing on stdout
04-03-2024 16:57:04.053 [Gauge] [ERROR] Unable to add directory /home/dferreira/workspace/hackathon/obsidian-vault/.obsidian/plugins/coPapyrus/specs to file watcher: no such file or directory
04-03-2024 16:57:04.057 [Gauge] [ERROR] notif #0: initialized: current runner is not compatible with gauge LSP
04-03-2024 16:57:04.222 [Gauge] [ERROR] Specs directory specs does not exists.
04-03-2024 19:03:17.451 [Gauge] [INFO] Initializing concepts cache with 0 concepts
04-03-2024 19:03:17.452 [Gauge] [INFO] Initializing specs cache with 0 specs
04-03-2024 19:03:17.452 [Gauge] [INFO] Initializing steps cache with 0 steps
04-03-2024 19:03:17.452 [Gauge] [ERROR] Unable to add directory /home/dferreira/workspace/hackathon/obsidian-vault/.obsidian/plugins/coPapyrus/specs to file watcher: no such file or directory
04-03-2024 19:03:17.452 [Gauge] [DEBUG] There are version incompatibilities between Gauge and it's plugins in this project. Some features will not work as expected.
04-03-2024 19:03:17.452 [Gauge] [INFO] LangServer: reading on stdin, writing on stdout
04-03-2024 19:03:17.876 [Gauge] [ERROR] notif #0: initialized: current runner is not compatible with gauge LSP
04-03-2024 19:03:17.998 [Gauge] [ERROR] Specs directory specs does not exists.
04-03-2024 19:03:18.244 [Gauge] [INFO] Initializing concepts cache with 0 concepts
04-03-2024 19:03:18.244 [Gauge] [INFO] Initializing specs cache with 0 specs
04-03-2024 19:03:18.244 [Gauge] [INFO] Initializing steps cache with 0 steps
04-03-2024 19:03:18.245 [Gauge] [DEBUG] There are version incompatibilities between Gauge and it's plugins in this project. Some features will not work as expected.
04-03-2024 19:03:18.245 [Gauge] [INFO] LangServer: reading on stdin, writing on stdout
04-03-2024 19:03:18.244 [Gauge] [ERROR] Unable to add directory /home/dferreira/workspace/hackathon/obsidian-vault/.obsidian/plugins/coPapyrus/specs to file watcher: no such file or directory
04-03-2024 19:03:18.296 [Gauge] [ERROR] notif #0: initialized: current runner is not compatible with gauge LSP
04-03-2024 19:03:18.425 [Gauge] [ERROR] Specs directory specs does not exists.
04-03-2024 19:03:18.559 [Gauge] [INFO] Initializing concepts cache with 0 concepts
04-03-2024 19:03:18.559 [Gauge] [INFO] Initializing specs cache with 0 specs
04-03-2024 19:03:18.559 [Gauge] [INFO] Initializing steps cache with 0 steps
04-03-2024 19:03:18.559 [Gauge] [DEBUG] There are version incompatibilities between Gauge and it's plugins in this project. Some features will not work as expected.
04-03-2024 19:03:18.559 [Gauge] [INFO] LangServer: reading on stdin, writing on stdout
04-03-2024 19:03:18.559 [Gauge] [ERROR] Unable to add directory /home/dferreira/workspace/hackathon/obsidian-vault/.obsidian/plugins/coPapyrus/specs to file watcher: no such file or directory
04-03-2024 19:03:18.569 [Gauge] [ERROR] notif #0: initialized: current runner is not compatible with gauge LSP
04-03-2024 19:03:18.678 [Gauge] [ERROR] Specs directory specs does not exists.
04-03-2024 19:03:18.816 [Gauge] [INFO] Initializing concepts cache with 0 concepts
04-03-2024 19:03:18.816 [Gauge] [INFO] Initializing specs cache with 0 specs
04-03-2024 19:03:18.816 [Gauge] [INFO] Initializing steps cache with 0 steps
04-03-2024 19:03:18.816 [Gauge] [DEBUG] There are version incompatibilities between Gauge and it's plugins in this project. Some features will not work as expected.
04-03-2024 19:03:18.816 [Gauge] [ERROR] Unable to add directory /home/dferreira/workspace/hackathon/obsidian-vault/.obsidian/plugins/coPapyrus/specs to file watcher: no such file or directory
04-03-2024 19:03:18.816 [Gauge] [INFO] LangServer: reading on stdin, writing on stdout
04-03-2024 19:03:18.819 [Gauge] [ERROR] notif #0: initialized: current runner is not compatible with gauge LSP
04-03-2024 19:03:18.926 [Gauge] [ERROR] Specs directory specs does not exists.
04-03-2024 19:03:19.080 [Gauge] [INFO] Initializing concepts cache with 0 concepts
04-03-2024 19:03:19.080 [Gauge] [INFO] Initializing specs cache with 0 specs
04-03-2024 19:03:19.080 [Gauge] [INFO] Initializing steps cache with 0 steps
04-03-2024 19:03:19.080 [Gauge] [ERROR] Unable to add directory /home/dferreira/workspace/hackathon/obsidian-vault/.obsidian/plugins/coPapyrus/specs to file watcher: no such file or directory
04-03-2024 19:03:19.080 [Gauge] [DEBUG] There are version incompatibilities between Gauge and it's plugins in this project. Some features will not work as expected.
04-03-2024 19:03:19.080 [Gauge] [INFO] LangServer: reading on stdin, writing on stdout
04-03-2024 19:03:19.084 [Gauge] [ERROR] notif #0: initialized: current runner is not compatible with gauge LSP
04-03-2024 19:03:19.204 [Gauge] [ERROR] Specs directory specs does not exists.
